2020-08-06 15:05:47,405 0      [           main] DEBUG ache.ibatis.logging.LogFactory  - Logging initialized using 'class org.apache.ibatis.logging.log4j.Log4jImpl' adapter.
2020-08-06 15:05:47,939 534    [           main] DEBUG source.pooled.PooledDataSource  - PooledDataSource forcefully closed/removed all connections.
2020-08-06 15:05:47,939 534    [           main] DEBUG source.pooled.PooledDataSource  - PooledDataSource forcefully closed/removed all connections.
2020-08-06 15:05:47,939 534    [           main] DEBUG source.pooled.PooledDataSource  - PooledDataSource forcefully closed/removed all connections.
2020-08-06 15:05:47,940 535    [           main] DEBUG source.pooled.PooledDataSource  - PooledDataSource forcefully closed/removed all connections.
2020-08-06 15:08:19,291 0      [           main] DEBUG ache.ibatis.logging.LogFactory  - Logging initialized using 'class org.apache.ibatis.logging.log4j.Log4jImpl' adapter.
2020-08-06 15:08:19,566 275    [           main] DEBUG source.pooled.PooledDataSource  - PooledDataSource forcefully closed/removed all connections.
2020-08-06 15:08:19,566 275    [           main] DEBUG source.pooled.PooledDataSource  - PooledDataSource forcefully closed/removed all connections.
2020-08-06 15:08:19,566 275    [           main] DEBUG source.pooled.PooledDataSource  - PooledDataSource forcefully closed/removed all connections.
2020-08-06 15:08:19,566 275    [           main] DEBUG source.pooled.PooledDataSource  - PooledDataSource forcefully closed/removed all connections.
2020-08-06 15:09:23,247 0      [           main] DEBUG ache.ibatis.logging.LogFactory  - Logging initialized using 'class org.apache.ibatis.logging.log4j.Log4jImpl' adapter.
2020-08-06 15:09:23,507 260    [           main] DEBUG source.pooled.PooledDataSource  - PooledDataSource forcefully closed/removed all connections.
2020-08-06 15:09:23,507 260    [           main] DEBUG source.pooled.PooledDataSource  - PooledDataSource forcefully closed/removed all connections.
2020-08-06 15:09:23,507 260    [           main] DEBUG source.pooled.PooledDataSource  - PooledDataSource forcefully closed/removed all connections.
2020-08-06 15:09:23,507 260    [           main] DEBUG source.pooled.PooledDataSource  - PooledDataSource forcefully closed/removed all connections.
2020-08-06 15:09:23,689 442    [           main] DEBUG ansaction.jdbc.JdbcTransaction  - Opening JDBC Connection
2020-08-06 15:09:24,200 953    [           main] DEBUG source.pooled.PooledDataSource  - Created connection 701141022.
2020-08-06 15:09:24,201 954    [           main] DEBUG ansaction.jdbc.JdbcTransaction  - Setting autocommit to false on JDBC Connection [com.mysql.jdbc.JDBC4Connection@29ca901e]
2020-08-06 15:09:24,205 958    [           main] DEBUG .liucheng.dao.IUserDao.findAll  - ==>  Preparing: select * from user 
2020-08-06 15:09:24,250 1003   [           main] DEBUG .liucheng.dao.IUserDao.findAll  - ==> Parameters: 
2020-08-06 15:09:24,298 1051   [           main] DEBUG .liucheng.dao.IUserDao.findAll  - <==      Total: 6
2020-08-06 15:09:24,301 1054   [           main] DEBUG ansaction.jdbc.JdbcTransaction  - Resetting autocommit to true on JDBC Connection [com.mysql.jdbc.JDBC4Connection@29ca901e]
2020-08-06 15:09:24,301 1054   [           main] DEBUG ansaction.jdbc.JdbcTransaction  - Closing JDBC Connection [com.mysql.jdbc.JDBC4Connection@29ca901e]
2020-08-06 15:09:24,302 1055   [           main] DEBUG source.pooled.PooledDataSource  - Returned connection 701141022 to pool.
2020-08-06 15:14:06,391 0      [           main] DEBUG ache.ibatis.logging.LogFactory  - Logging initialized using 'class org.apache.ibatis.logging.log4j.Log4jImpl' adapter.
2020-08-06 15:14:06,707 316    [           main] DEBUG source.pooled.PooledDataSource  - PooledDataSource forcefully closed/removed all connections.
2020-08-06 15:14:06,708 317    [           main] DEBUG source.pooled.PooledDataSource  - PooledDataSource forcefully closed/removed all connections.
2020-08-06 15:14:06,708 317    [           main] DEBUG source.pooled.PooledDataSource  - PooledDataSource forcefully closed/removed all connections.
2020-08-06 15:14:06,708 317    [           main] DEBUG source.pooled.PooledDataSource  - PooledDataSource forcefully closed/removed all connections.
2020-08-06 15:15:51,144 0      [           main] DEBUG ache.ibatis.logging.LogFactory  - Logging initialized using 'class org.apache.ibatis.logging.log4j.Log4jImpl' adapter.
2020-08-06 15:15:51,454 310    [           main] DEBUG source.pooled.PooledDataSource  - PooledDataSource forcefully closed/removed all connections.
2020-08-06 15:15:51,455 311    [           main] DEBUG source.pooled.PooledDataSource  - PooledDataSource forcefully closed/removed all connections.
2020-08-06 15:15:51,455 311    [           main] DEBUG source.pooled.PooledDataSource  - PooledDataSource forcefully closed/removed all connections.
2020-08-06 15:15:51,455 311    [           main] DEBUG source.pooled.PooledDataSource  - PooledDataSource forcefully closed/removed all connections.
2020-08-06 15:16:02,382 0      [           main] DEBUG ache.ibatis.logging.LogFactory  - Logging initialized using 'class org.apache.ibatis.logging.log4j.Log4jImpl' adapter.
2020-08-06 15:16:02,622 240    [           main] DEBUG source.pooled.PooledDataSource  - PooledDataSource forcefully closed/removed all connections.
2020-08-06 15:16:02,622 240    [           main] DEBUG source.pooled.PooledDataSource  - PooledDataSource forcefully closed/removed all connections.
2020-08-06 15:16:02,622 240    [           main] DEBUG source.pooled.PooledDataSource  - PooledDataSource forcefully closed/removed all connections.
2020-08-06 15:16:02,622 240    [           main] DEBUG source.pooled.PooledDataSource  - PooledDataSource forcefully closed/removed all connections.
2020-08-06 15:16:38,205 0      [           main] DEBUG ache.ibatis.logging.LogFactory  - Logging initialized using 'class org.apache.ibatis.logging.log4j.Log4jImpl' adapter.
2020-08-06 15:16:38,467 262    [           main] DEBUG source.pooled.PooledDataSource  - PooledDataSource forcefully closed/removed all connections.
2020-08-06 15:16:38,467 262    [           main] DEBUG source.pooled.PooledDataSource  - PooledDataSource forcefully closed/removed all connections.
2020-08-06 15:16:38,467 262    [           main] DEBUG source.pooled.PooledDataSource  - PooledDataSource forcefully closed/removed all connections.
2020-08-06 15:16:38,467 262    [           main] DEBUG source.pooled.PooledDataSource  - PooledDataSource forcefully closed/removed all connections.
2020-08-06 15:17:26,848 0      [           main] DEBUG ache.ibatis.logging.LogFactory  - Logging initialized using 'class org.apache.ibatis.logging.log4j.Log4jImpl' adapter.
2020-08-06 15:17:27,096 248    [           main] DEBUG source.pooled.PooledDataSource  - PooledDataSource forcefully closed/removed all connections.
2020-08-06 15:17:27,097 249    [           main] DEBUG source.pooled.PooledDataSource  - PooledDataSource forcefully closed/removed all connections.
2020-08-06 15:17:27,097 249    [           main] DEBUG source.pooled.PooledDataSource  - PooledDataSource forcefully closed/removed all connections.
2020-08-06 15:17:27,097 249    [           main] DEBUG source.pooled.PooledDataSource  - PooledDataSource forcefully closed/removed all connections.
2020-08-06 15:18:50,495 0      [           main] DEBUG ache.ibatis.logging.LogFactory  - Logging initialized using 'class org.apache.ibatis.logging.log4j.Log4jImpl' adapter.
2020-08-06 15:18:50,780 285    [           main] DEBUG source.pooled.PooledDataSource  - PooledDataSource forcefully closed/removed all connections.
2020-08-06 15:18:50,780 285    [           main] DEBUG source.pooled.PooledDataSource  - PooledDataSource forcefully closed/removed all connections.
2020-08-06 15:18:50,780 285    [           main] DEBUG source.pooled.PooledDataSource  - PooledDataSource forcefully closed/removed all connections.
2020-08-06 15:18:50,781 286    [           main] DEBUG source.pooled.PooledDataSource  - PooledDataSource forcefully closed/removed all connections.
2020-08-06 15:19:38,578 0      [           main] DEBUG ache.ibatis.logging.LogFactory  - Logging initialized using 'class org.apache.ibatis.logging.log4j.Log4jImpl' adapter.
2020-08-06 15:19:38,840 262    [           main] DEBUG source.pooled.PooledDataSource  - PooledDataSource forcefully closed/removed all connections.
2020-08-06 15:19:38,840 262    [           main] DEBUG source.pooled.PooledDataSource  - PooledDataSource forcefully closed/removed all connections.
2020-08-06 15:19:38,840 262    [           main] DEBUG source.pooled.PooledDataSource  - PooledDataSource forcefully closed/removed all connections.
2020-08-06 15:19:38,841 263    [           main] DEBUG source.pooled.PooledDataSource  - PooledDataSource forcefully closed/removed all connections.
2020-08-06 15:19:38,932 354    [           main] DEBUG ansaction.jdbc.JdbcTransaction  - Opening JDBC Connection
2020-08-06 15:19:39,426 848    [           main] DEBUG source.pooled.PooledDataSource  - Created connection 1282473384.
2020-08-06 15:19:39,426 848    [           main] DEBUG ansaction.jdbc.JdbcTransaction  - Setting autocommit to false on JDBC Connection [com.mysql.jdbc.JDBC4Connection@4c70fda8]
2020-08-06 15:19:39,430 852    [           main] DEBUG .liucheng.dao.IUserDao.findAll  - ==>  Preparing: select * from user 
2020-08-06 15:19:39,486 908    [           main] DEBUG .liucheng.dao.IUserDao.findAll  - ==> Parameters: 
2020-08-06 15:19:39,540 962    [           main] DEBUG .liucheng.dao.IUserDao.findAll  - <==      Total: 6
2020-08-06 15:19:39,543 965    [           main] DEBUG ansaction.jdbc.JdbcTransaction  - Resetting autocommit to true on JDBC Connection [com.mysql.jdbc.JDBC4Connection@4c70fda8]
2020-08-06 15:19:39,544 966    [           main] DEBUG ansaction.jdbc.JdbcTransaction  - Closing JDBC Connection [com.mysql.jdbc.JDBC4Connection@4c70fda8]
2020-08-06 15:19:39,544 966    [           main] DEBUG source.pooled.PooledDataSource  - Returned connection 1282473384 to pool.
2020-08-07 09:49:36,918 0      [           main] DEBUG ache.ibatis.logging.LogFactory  - Logging initialized using 'class org.apache.ibatis.logging.log4j.Log4jImpl' adapter.
2020-08-07 09:49:37,239 321    [           main] DEBUG source.pooled.PooledDataSource  - PooledDataSource forcefully closed/removed all connections.
2020-08-07 09:49:37,240 322    [           main] DEBUG source.pooled.PooledDataSource  - PooledDataSource forcefully closed/removed all connections.
2020-08-07 09:49:37,240 322    [           main] DEBUG source.pooled.PooledDataSource  - PooledDataSource forcefully closed/removed all connections.
2020-08-07 09:49:37,240 322    [           main] DEBUG source.pooled.PooledDataSource  - PooledDataSource forcefully closed/removed all connections.
2020-08-07 09:49:37,333 415    [           main] DEBUG ansaction.jdbc.JdbcTransaction  - Opening JDBC Connection
2020-08-07 09:49:37,765 847    [           main] DEBUG source.pooled.PooledDataSource  - Created connection 982007015.
2020-08-07 09:49:37,765 847    [           main] DEBUG ansaction.jdbc.JdbcTransaction  - Setting autocommit to false on JDBC Connection [com.mysql.jdbc.JDBC4Connection@3a883ce7]
2020-08-07 09:49:37,770 852    [           main] DEBUG .liucheng.dao.IUserDao.findAll  - ==>  Preparing: select * from user 
2020-08-07 09:49:37,811 893    [           main] DEBUG .liucheng.dao.IUserDao.findAll  - ==> Parameters: 
2020-08-07 09:49:37,865 947    [           main] DEBUG .liucheng.dao.IUserDao.findAll  - <==      Total: 6
2020-08-07 09:49:37,869 951    [           main] DEBUG ansaction.jdbc.JdbcTransaction  - Resetting autocommit to true on JDBC Connection [com.mysql.jdbc.JDBC4Connection@3a883ce7]
2020-08-07 09:49:37,870 952    [           main] DEBUG ansaction.jdbc.JdbcTransaction  - Closing JDBC Connection [com.mysql.jdbc.JDBC4Connection@3a883ce7]
2020-08-07 09:49:37,870 952    [           main] DEBUG source.pooled.PooledDataSource  - Returned connection 982007015 to pool.
